created virtual environment CPython3.10.13.final.0-64 in 24740ms
  creator CPython3Posix(dest=/localscratch/nicocarp.39843504.0/env, clear=False, no_vcs_ignore=False, global=False)
  seeder FromAppData(download=False, pip=bundle, setuptools=bundle, wheel=bundle, via=copy, app_data_dir=/home/nicocarp/.local/share/virtualenv)
    added seed packages: pip==24.1.2, setuptools==70.3.0, wheel==0.43.0
  activators BashActivator,CShellActivator,FishActivator,NushellActivator,PowerShellActivator,PythonActivator
Looking in links: /cvmfs/soft.computecanada.ca/custom/python/wheelhouse/gentoo2023/x86-64-v3, /cvmfs/soft.computecanada.ca/custom/python/wheelhouse/gentoo2023/generic, /cvmfs/soft.computecanada.ca/custom/python/wheelhouse/generic
Requirement already satisfied: pip in /localscratch/nicocarp.39843504.0/env/lib/python3.10/site-packages (24.1.2)
Looking in links: /cvmfs/soft.computecanada.ca/custom/python/wheelhouse/gentoo2023/x86-64-v3, /cvmfs/soft.computecanada.ca/custom/python/wheelhouse/gentoo2023/generic, /cvmfs/soft.computecanada.ca/custom/python/wheelhouse/generic
Processing /cvmfs/soft.computecanada.ca/custom/python/wheelhouse/generic/absl_py-2.1.0+computecanada-py3-none-any.whl (from -r /home/nicocarp/scratch/CMR-Reconstruction/configs/requirements_local.txt (line 1))
Processing /cvmfs/soft.computecanada.ca/custom/python/wheelhouse/gentoo2023/x86-64-v3/aiohttp-3.9.1+computecanada-cp310-cp310-linux_x86_64.whl (from -r /home/nicocarp/scratch/CMR-Reconstruction/configs/requirements_local.txt (line 2))
Processing /cvmfs/soft.computecanada.ca/custom/python/wheelhouse/generic/aiosignal-1.3.1+computecanada-py3-none-any.whl (from -r /home/nicocarp/scratch/CMR-Reconstruction/configs/requirements_local.txt (line 3))
Processing /cvmfs/soft.computecanada.ca/custom/python/wheelhouse/generic/async_timeout-4.0.3+computecanada-py3-none-any.whl (from -r /home/nicocarp/scratch/CMR-Reconstruction/configs/requirements_local.txt (line 4))
Processing /cvmfs/soft.computecanada.ca/custom/python/wheelhouse/generic/certifi-2024.2.2+computecanada-py3-none-any.whl (from -r /home/nicocarp/scratch/CMR-Reconstruction/configs/requirements_local.txt (line 5))
Processing /cvmfs/soft.computecanada.ca/custom/python/wheelhouse/generic/charset_normalizer-3.2.0+computecanada-py3-none-any.whl (from -r /home/nicocarp/scratch/CMR-Reconstruction/configs/requirements_local.txt (line 6))
Processing /cvmfs/soft.computecanada.ca/custom/python/wheelhouse/gentoo2023/generic/contourpy-1.2.1+computecanada-cp310-cp310-linux_x86_64.whl (from -r /home/nicocarp/scratch/CMR-Reconstruction/configs/requirements_local.txt (line 7))
Processing /cvmfs/soft.computecanada.ca/custom/python/wheelhouse/generic/cycler-0.12.1+computecanada-py3-none-any.whl (from -r /home/nicocarp/scratch/CMR-Reconstruction/configs/requirements_local.txt (line 8))
Processing /cvmfs/soft.computecanada.ca/custom/python/wheelhouse/generic/einops-0.8.0+computecanada-py3-none-any.whl (from -r /home/nicocarp/scratch/CMR-Reconstruction/configs/requirements_local.txt (line 9))
Processing /cvmfs/soft.computecanada.ca/custom/python/wheelhouse/generic/fonttools-4.53.1+computecanada-cp310-cp310-linux_x86_64.whl (from -r /home/nicocarp/scratch/CMR-Reconstruction/configs/requirements_local.txt (line 10))
Processing /cvmfs/soft.computecanada.ca/custom/python/wheelhouse/generic/frozenlist-1.4.1+computecanada-cp310-cp310-linux_x86_64.whl (from -r /home/nicocarp/scratch/CMR-Reconstruction/configs/requirements_local.txt (line 11))
Processing /cvmfs/soft.computecanada.ca/custom/python/wheelhouse/generic/fsspec-2024.6.1+computecanada-py3-none-any.whl (from -r /home/nicocarp/scratch/CMR-Reconstruction/configs/requirements_local.txt (line 12))
Processing /cvmfs/soft.computecanada.ca/custom/python/wheelhouse/gentoo2023/generic/grpcio-1.62.1+computecanada-cp310-cp310-linux_x86_64.whl (from -r /home/nicocarp/scratch/CMR-Reconstruction/configs/requirements_local.txt (line 13))
Processing /cvmfs/soft.computecanada.ca/custom/python/wheelhouse/gentoo2023/x86-64-v3/h5py-3.11.0+computecanada-cp310-cp310-linux_x86_64.whl (from -r /home/nicocarp/scratch/CMR-Reconstruction/configs/requirements_local.txt (line 14))
Processing /cvmfs/soft.computecanada.ca/custom/python/wheelhouse/generic/huggingface_hub-0.24.2+computecanada-py3-none-any.whl (from -r /home/nicocarp/scratch/CMR-Reconstruction/configs/requirements_local.txt (line 15))
Processing /cvmfs/soft.computecanada.ca/custom/python/wheelhouse/generic/imageio-2.34.2+computecanada-py3-none-any.whl (from -r /home/nicocarp/scratch/CMR-Reconstruction/configs/requirements_local.txt (line 16))
Processing /cvmfs/soft.computecanada.ca/custom/python/wheelhouse/generic/jinja2-3.1.4+computecanada-py3-none-any.whl (from -r /home/nicocarp/scratch/CMR-Reconstruction/configs/requirements_local.txt (line 17))
Processing /cvmfs/soft.computecanada.ca/custom/python/wheelhouse/gentoo2023/x86-64-v3/kiwisolver-1.4.5+computecanada-cp310-cp310-linux_x86_64.whl (from -r /home/nicocarp/scratch/CMR-Reconstruction/configs/requirements_local.txt (line 18))
Processing /cvmfs/soft.computecanada.ca/custom/python/wheelhouse/generic/lazy_loader-0.4+computecanada-py3-none-any.whl (from -r /home/nicocarp/scratch/CMR-Reconstruction/configs/requirements_local.txt (line 19))
Processing /cvmfs/soft.computecanada.ca/custom/python/wheelhouse/generic/Markdown-3.5.2+computecanada-py3-none-any.whl (from -r /home/nicocarp/scratch/CMR-Reconstruction/configs/requirements_local.txt (line 20))
Processing /cvmfs/soft.computecanada.ca/custom/python/wheelhouse/generic/MarkupSafe-2.1.5+computecanada-cp310-cp310-linux_x86_64.whl (from -r /home/nicocarp/scratch/CMR-Reconstruction/configs/requirements_local.txt (line 21))
Processing /cvmfs/soft.computecanada.ca/custom/python/wheelhouse/gentoo2023/x86-64-v3/matplotlib-3.9.0+computecanada-cp310-cp310-linux_x86_64.whl (from -r /home/nicocarp/scratch/CMR-Reconstruction/configs/requirements_local.txt (line 22))
Processing /cvmfs/soft.computecanada.ca/custom/python/wheelhouse/generic/mpmath-1.3.0+computecanada-py3-none-any.whl (from -r /home/nicocarp/scratch/CMR-Reconstruction/configs/requirements_local.txt (line 23))
Processing /cvmfs/soft.computecanada.ca/custom/python/wheelhouse/generic/multidict-6.0.5+computecanada-cp310-cp310-linux_x86_64.whl (from -r /home/nicocarp/scratch/CMR-Reconstruction/configs/requirements_local.txt (line 24))
Processing /cvmfs/soft.computecanada.ca/custom/python/wheelhouse/generic/networkx-3.3+computecanada-py3-none-any.whl (from -r /home/nicocarp/scratch/CMR-Reconstruction/configs/requirements_local.txt (line 25))
Processing /cvmfs/soft.computecanada.ca/custom/python/wheelhouse/gentoo2023/generic/numpy-1.26.4+computecanada-cp310-cp310-linux_x86_64.whl (from -r /home/nicocarp/scratch/CMR-Reconstruction/configs/requirements_local.txt (line 26))
Processing /cvmfs/soft.computecanada.ca/custom/python/wheelhouse/generic/packaging-24.1+computecanada-py3-none-any.whl (from -r /home/nicocarp/scratch/CMR-Reconstruction/configs/requirements_local.txt (line 27))
Processing /cvmfs/soft.computecanada.ca/custom/python/wheelhouse/gentoo2023/x86-64-v3/pandas-2.2.1+computecanada-cp310-cp310-linux_x86_64.whl (from -r /home/nicocarp/scratch/CMR-Reconstruction/configs/requirements_local.txt (line 28))
Processing /cvmfs/soft.computecanada.ca/custom/python/wheelhouse/gentoo2023/x86-64-v3/pillow-10.3.0+computecanada-cp310-cp310-linux_x86_64.whl (from -r /home/nicocarp/scratch/CMR-Reconstruction/configs/requirements_local.txt (line 29))
Processing /cvmfs/soft.computecanada.ca/custom/python/wheelhouse/gentoo2023/x86-64-v3/Pillow_SIMD-9.0.0.post1+computecanada-cp310-cp310-linux_x86_64.whl (from -r /home/nicocarp/scratch/CMR-Reconstruction/configs/requirements_local.txt (line 30))
Processing /cvmfs/soft.computecanada.ca/custom/python/wheelhouse/gentoo2023/x86-64-v3/protobuf-4.25.4+computecanada-cp310-cp310-linux_x86_64.whl (from -r /home/nicocarp/scratch/CMR-Reconstruction/configs/requirements_local.txt (line 31))
Processing /cvmfs/soft.computecanada.ca/custom/python/wheelhouse/generic/pyparsing-3.1.2+computecanada-py3-none-any.whl (from -r /home/nicocarp/scratch/CMR-Reconstruction/configs/requirements_local.txt (line 32))
Processing /cvmfs/soft.computecanada.ca/custom/python/wheelhouse/generic/python_dateutil-2.9.0.post0+computecanada-py2.py3-none-any.whl (from -r /home/nicocarp/scratch/CMR-Reconstruction/configs/requirements_local.txt (line 33))
Processing /cvmfs/soft.computecanada.ca/custom/python/wheelhouse/generic/pytz-2024.1+computecanada-py2.py3-none-any.whl (from -r /home/nicocarp/scratch/CMR-Reconstruction/configs/requirements_local.txt (line 34))
Processing /cvmfs/soft.computecanada.ca/custom/python/wheelhouse/generic/requests-2.31.0+computecanada-py3-none-any.whl (from -r /home/nicocarp/scratch/CMR-Reconstruction/configs/requirements_local.txt (line 35))
Processing /cvmfs/soft.computecanada.ca/custom/python/wheelhouse/gentoo2023/generic/safetensors-0.4.3+computecanada-cp310-cp310-linux_x86_64.whl (from -r /home/nicocarp/scratch/CMR-Reconstruction/configs/requirements_local.txt (line 36))
Processing /cvmfs/soft.computecanada.ca/custom/python/wheelhouse/gentoo2023/x86-64-v3/scikit_image-0.24.0+computecanada-cp310-cp310-linux_x86_64.whl (from -r /home/nicocarp/scratch/CMR-Reconstruction/configs/requirements_local.txt (line 37))
Processing /cvmfs/soft.computecanada.ca/custom/python/wheelhouse/gentoo2023/generic/scipy-1.13.1+computecanada-cp310-cp310-linux_x86_64.whl (from -r /home/nicocarp/scratch/CMR-Reconstruction/configs/requirements_local.txt (line 38))
Processing /cvmfs/soft.computecanada.ca/custom/python/wheelhouse/generic/six-1.16.0+computecanada-py2.py3-none-any.whl (from -r /home/nicocarp/scratch/CMR-Reconstruction/configs/requirements_local.txt (line 39))
Processing /cvmfs/soft.computecanada.ca/custom/python/wheelhouse/generic/sympy-1.13.2+computecanada-py3-none-any.whl (from -r /home/nicocarp/scratch/CMR-Reconstruction/configs/requirements_local.txt (line 40))
Processing /cvmfs/soft.computecanada.ca/custom/python/wheelhouse/generic/tensorboard-2.17.0+computecanada-py3-none-any.whl (from -r /home/nicocarp/scratch/CMR-Reconstruction/configs/requirements_local.txt (line 41))
Processing /cvmfs/soft.computecanada.ca/custom/python/wheelhouse/generic/tensorboard_data_server-0.7.0+computecanada-py3-none-any.whl (from -r /home/nicocarp/scratch/CMR-Reconstruction/configs/requirements_local.txt (line 42))
Processing /cvmfs/soft.computecanada.ca/custom/python/wheelhouse/generic/tifffile-2024.8.10+computecanada-py3-none-any.whl (from -r /home/nicocarp/scratch/CMR-Reconstruction/configs/requirements_local.txt (line 43))
Processing /cvmfs/soft.computecanada.ca/custom/python/wheelhouse/generic/timm-1.0.3+computecanada-py3-none-any.whl (from -r /home/nicocarp/scratch/CMR-Reconstruction/configs/requirements_local.txt (line 44))
Processing /cvmfs/soft.computecanada.ca/custom/python/wheelhouse/gentoo2023/x86-64-v3/torch-2.3.1+computecanada-cp310-cp310-linux_x86_64.whl (from -r /home/nicocarp/scratch/CMR-Reconstruction/configs/requirements_local.txt (line 45))
Processing /cvmfs/soft.computecanada.ca/custom/python/wheelhouse/gentoo2023/generic/torchvision-0.18.1+torch23.computecanada-cp310-cp310-linux_x86_64.whl (from -r /home/nicocarp/scratch/CMR-Reconstruction/configs/requirements_local.txt (line 46))
Processing /cvmfs/soft.computecanada.ca/custom/python/wheelhouse/generic/tqdm-4.66.5+computecanada-py3-none-any.whl (from -r /home/nicocarp/scratch/CMR-Reconstruction/configs/requirements_local.txt (line 47))
Processing /cvmfs/soft.computecanada.ca/custom/python/wheelhouse/generic/typing_extensions-4.12.2+computecanada-py3-none-any.whl (from -r /home/nicocarp/scratch/CMR-Reconstruction/configs/requirements_local.txt (line 48))
Processing /cvmfs/soft.computecanada.ca/custom/python/wheelhouse/generic/tzdata-2024.1+computecanada-py2.py3-none-any.whl (from -r /home/nicocarp/scratch/CMR-Reconstruction/configs/requirements_local.txt (line 49))
Processing /cvmfs/soft.computecanada.ca/custom/python/wheelhouse/generic/urllib3-2.1.0+computecanada-py3-none-any.whl (from -r /home/nicocarp/scratch/CMR-Reconstruction/configs/requirements_local.txt (line 50))
Processing /cvmfs/soft.computecanada.ca/custom/python/wheelhouse/generic/werkzeug-3.0.3+computecanada-py3-none-any.whl (from -r /home/nicocarp/scratch/CMR-Reconstruction/configs/requirements_local.txt (line 51))
Processing /cvmfs/soft.computecanada.ca/custom/python/wheelhouse/generic/xmltodict-0.13.0+computecanada-py2.py3-none-any.whl (from -r /home/nicocarp/scratch/CMR-Reconstruction/configs/requirements_local.txt (line 52))
Processing /cvmfs/soft.computecanada.ca/custom/python/wheelhouse/gentoo2023/x86-64-v3/yarl-1.9.4+computecanada-cp310-cp310-linux_x86_64.whl (from -r /home/nicocarp/scratch/CMR-Reconstruction/configs/requirements_local.txt (line 53))
Processing /cvmfs/soft.computecanada.ca/custom/python/wheelhouse/generic/attrs-23.2.0+computecanada-py3-none-any.whl (from aiohttp==3.9.1+computecanada->-r /home/nicocarp/scratch/CMR-Reconstruction/configs/requirements_local.txt (line 2))
Processing /cvmfs/soft.computecanada.ca/custom/python/wheelhouse/generic/filelock-3.13.1+computecanada-py3-none-any.whl (from huggingface_hub==0.24.2+computecanada->-r /home/nicocarp/scratch/CMR-Reconstruction/configs/requirements_local.txt (line 15))
Processing /cvmfs/soft.computecanada.ca/custom/python/wheelhouse/gentoo2023/x86-64-v3/PyYAML-6.0.1+computecanada-cp310-cp310-linux_x86_64.whl (from huggingface_hub==0.24.2+computecanada->-r /home/nicocarp/scratch/CMR-Reconstruction/configs/requirements_local.txt (line 15))
Processing /cvmfs/soft.computecanada.ca/custom/python/wheelhouse/generic/idna-3.4+computecanada-py3-none-any.whl (from requests==2.31.0+computecanada->-r /home/nicocarp/scratch/CMR-Reconstruction/configs/requirements_local.txt (line 35))
Requirement already satisfied: setuptools>=41.0.0 in /localscratch/nicocarp.39843504.0/env/lib/python3.10/site-packages (from tensorboard==2.17.0+computecanada->-r /home/nicocarp/scratch/CMR-Reconstruction/configs/requirements_local.txt (line 41)) (70.3.0)
Installing collected packages: pytz, mpmath, xmltodict, urllib3, tzdata, typing_extensions, tqdm, tensorboard_data_server, sympy, six, safetensors, pyyaml, pyparsing, protobuf, Pillow_SIMD, pillow, packaging, numpy, networkx, multidict, MarkupSafe, Markdown, kiwisolver, idna, grpcio, fsspec, frozenlist, fonttools, filelock, einops, cycler, charset_normalizer, certifi, attrs, async_timeout, absl_py, yarl, werkzeug, tifffile, scipy, requests, python_dateutil, lazy_loader, jinja2, imageio, h5py, contourpy, aiosignal, torch, tensorboard, scikit_image, pandas, matplotlib, huggingface_hub, aiohttp, torchvision, timm
Successfully installed Markdown-3.5.2+computecanada MarkupSafe-2.1.5+computecanada Pillow_SIMD-9.0.0.post1+computecanada absl_py-2.1.0+computecanada aiohttp-3.9.1+computecanada aiosignal-1.3.1+computecanada async_timeout-4.0.3+computecanada attrs-23.2.0+computecanada certifi-2024.2.2+computecanada charset_normalizer-3.2.0+computecanada contourpy-1.2.1+computecanada cycler-0.12.1+computecanada einops-0.8.0+computecanada filelock-3.13.1+computecanada fonttools-4.53.1+computecanada frozenlist-1.4.1+computecanada fsspec-2024.6.1+computecanada grpcio-1.62.1+computecanada h5py-3.11.0+computecanada huggingface_hub-0.24.2+computecanada idna-3.4+computecanada imageio-2.34.2+computecanada jinja2-3.1.4+computecanada kiwisolver-1.4.5+computecanada lazy_loader-0.4+computecanada matplotlib-3.9.0+computecanada mpmath-1.3.0+computecanada multidict-6.0.5+computecanada networkx-3.3+computecanada numpy-1.26.4+computecanada packaging-24.1+computecanada pandas-2.2.1+computecanada pillow-10.3.0+computecanada protobuf-4.25.4+computecanada pyparsing-3.1.2+computecanada python_dateutil-2.9.0.post0+computecanada pytz-2024.1+computecanada pyyaml-6.0.1+computecanada requests-2.31.0+computecanada safetensors-0.4.3+computecanada scikit_image-0.24.0+computecanada scipy-1.13.1+computecanada six-1.16.0+computecanada sympy-1.13.2+computecanada tensorboard-2.17.0+computecanada tensorboard_data_server-0.7.0+computecanada tifffile-2024.8.10+computecanada timm-1.0.3+computecanada torch-2.3.1+computecanada torchvision-0.18.1+torch23.computecanada tqdm-4.66.5+computecanada typing_extensions-4.12.2+computecanada tzdata-2024.1+computecanada urllib3-2.1.0+computecanada werkzeug-3.0.3+computecanada xmltodict-0.13.0+computecanada yarl-1.9.4+computecanada
Looking in links: /cvmfs/soft.computecanada.ca/custom/python/wheelhouse/gentoo2023/x86-64-v3, /cvmfs/soft.computecanada.ca/custom/python/wheelhouse/gentoo2023/generic, /cvmfs/soft.computecanada.ca/custom/python/wheelhouse/generic
Collecting attrs==24.2.0 (from -r /home/nicocarp/scratch/CMR-Reconstruction/configs/requirements_pypi.txt (line 1))
  Using cached attrs-24.2.0-py3-none-any.whl.metadata (11 kB)
Collecting fastmri==0.3.0 (from -r /home/nicocarp/scratch/CMR-Reconstruction/configs/requirements_pypi.txt (line 2))
  Using cached fastmri-0.3.0-py3-none-any.whl.metadata (18 kB)
Collecting filelock==3.15.4 (from -r /home/nicocarp/scratch/CMR-Reconstruction/configs/requirements_pypi.txt (line 3))
  Using cached filelock-3.15.4-py3-none-any.whl.metadata (2.9 kB)
Collecting idna==3.7 (from -r /home/nicocarp/scratch/CMR-Reconstruction/configs/requirements_pypi.txt (line 4))
  Using cached idna-3.7-py3-none-any.whl.metadata (9.9 kB)
Collecting lightning-utilities==0.11.6 (from -r /home/nicocarp/scratch/CMR-Reconstruction/configs/requirements_pypi.txt (line 5))
  Using cached lightning_utilities-0.11.6-py3-none-any.whl.metadata (5.2 kB)
Collecting pytorch-lightning==2.4.0 (from -r /home/nicocarp/scratch/CMR-Reconstruction/configs/requirements_pypi.txt (line 6))
  Using cached pytorch_lightning-2.4.0-py3-none-any.whl.metadata (21 kB)
Collecting runstats==2.0.0 (from -r /home/nicocarp/scratch/CMR-Reconstruction/configs/requirements_pypi.txt (line 7))
  Using cached runstats-2.0.0-py3-none-any.whl
Collecting torchmetrics==1.4.1 (from -r /home/nicocarp/scratch/CMR-Reconstruction/configs/requirements_pypi.txt (line 8))
  Using cached torchmetrics-1.4.1-py3-none-any.whl.metadata (20 kB)
Requirement already satisfied: numpy>=1.18.5 in /localscratch/nicocarp.39843504.0/env/lib/python3.10/site-packages (from fastmri==0.3.0->-r /home/nicocarp/scratch/CMR-Reconstruction/configs/requirements_pypi.txt (line 2)) (1.26.4+computecanada)
Requirement already satisfied: scikit-image>=0.16.2 in /localscratch/nicocarp.39843504.0/env/lib/python3.10/site-packages (from fastmri==0.3.0->-r /home/nicocarp/scratch/CMR-Reconstruction/configs/requirements_pypi.txt (line 2)) (0.24.0+computecanada)
Requirement already satisfied: torchvision>=0.8.1 in /localscratch/nicocarp.39843504.0/env/lib/python3.10/site-packages (from fastmri==0.3.0->-r /home/nicocarp/scratch/CMR-Reconstruction/configs/requirements_pypi.txt (line 2)) (0.18.1+torch23.computecanada)
Requirement already satisfied: torch>=1.8.0 in /localscratch/nicocarp.39843504.0/env/lib/python3.10/site-packages (from fastmri==0.3.0->-r /home/nicocarp/scratch/CMR-Reconstruction/configs/requirements_pypi.txt (line 2)) (2.3.1+computecanada)
Requirement already satisfied: h5py>=2.10.0 in /localscratch/nicocarp.39843504.0/env/lib/python3.10/site-packages (from fastmri==0.3.0->-r /home/nicocarp/scratch/CMR-Reconstruction/configs/requirements_pypi.txt (line 2)) (3.11.0+computecanada)
Requirement already satisfied: PyYAML>=5.3.1 in /localscratch/nicocarp.39843504.0/env/lib/python3.10/site-packages (from fastmri==0.3.0->-r /home/nicocarp/scratch/CMR-Reconstruction/configs/requirements_pypi.txt (line 2)) (6.0.1+computecanada)
Requirement already satisfied: pandas>=1.3.4 in /localscratch/nicocarp.39843504.0/env/lib/python3.10/site-packages (from fastmri==0.3.0->-r /home/nicocarp/scratch/CMR-Reconstruction/configs/requirements_pypi.txt (line 2)) (2.2.1+computecanada)
Requirement already satisfied: packaging>=17.1 in /localscratch/nicocarp.39843504.0/env/lib/python3.10/site-packages (from lightning-utilities==0.11.6->-r /home/nicocarp/scratch/CMR-Reconstruction/configs/requirements_pypi.txt (line 5)) (24.1+computecanada)
Requirement already satisfied: setuptools in /localscratch/nicocarp.39843504.0/env/lib/python3.10/site-packages (from lightning-utilities==0.11.6->-r /home/nicocarp/scratch/CMR-Reconstruction/configs/requirements_pypi.txt (line 5)) (70.3.0)
Requirement already satisfied: typing-extensions in /localscratch/nicocarp.39843504.0/env/lib/python3.10/site-packages (from lightning-utilities==0.11.6->-r /home/nicocarp/scratch/CMR-Reconstruction/configs/requirements_pypi.txt (line 5)) (4.12.2+computecanada)
Requirement already satisfied: tqdm>=4.57.0 in /localscratch/nicocarp.39843504.0/env/lib/python3.10/site-packages (from pytorch-lightning==2.4.0->-r /home/nicocarp/scratch/CMR-Reconstruction/configs/requirements_pypi.txt (line 6)) (4.66.5+computecanada)
Requirement already satisfied: fsspec>=2022.5.0 in /localscratch/nicocarp.39843504.0/env/lib/python3.10/site-packages (from fsspec[http]>=2022.5.0->pytorch-lightning==2.4.0->-r /home/nicocarp/scratch/CMR-Reconstruction/configs/requirements_pypi.txt (line 6)) (2024.6.1+computecanada)
Requirement already satisfied: aiohttp!=4.0.0a0,!=4.0.0a1 in /localscratch/nicocarp.39843504.0/env/lib/python3.10/site-packages (from fsspec[http]>=2022.5.0->pytorch-lightning==2.4.0->-r /home/nicocarp/scratch/CMR-Reconstruction/configs/requirements_pypi.txt (line 6)) (3.9.1+computecanada)
Requirement already satisfied: python-dateutil>=2.8.2 in /localscratch/nicocarp.39843504.0/env/lib/python3.10/site-packages (from pandas>=1.3.4->fastmri==0.3.0->-r /home/nicocarp/scratch/CMR-Reconstruction/configs/requirements_pypi.txt (line 2)) (2.9.0.post0+computecanada)
Requirement already satisfied: pytz>=2020.1 in /localscratch/nicocarp.39843504.0/env/lib/python3.10/site-packages (from pandas>=1.3.4->fastmri==0.3.0->-r /home/nicocarp/scratch/CMR-Reconstruction/configs/requirements_pypi.txt (line 2)) (2024.1+computecanada)
Requirement already satisfied: tzdata>=2022.7 in /localscratch/nicocarp.39843504.0/env/lib/python3.10/site-packages (from pandas>=1.3.4->fastmri==0.3.0->-r /home/nicocarp/scratch/CMR-Reconstruction/configs/requirements_pypi.txt (line 2)) (2024.1+computecanada)
Requirement already satisfied: scipy>=1.9 in /localscratch/nicocarp.39843504.0/env/lib/python3.10/site-packages (from scikit-image>=0.16.2->fastmri==0.3.0->-r /home/nicocarp/scratch/CMR-Reconstruction/configs/requirements_pypi.txt (line 2)) (1.13.1+computecanada)
Requirement already satisfied: networkx>=2.8 in /localscratch/nicocarp.39843504.0/env/lib/python3.10/site-packages (from scikit-image>=0.16.2->fastmri==0.3.0->-r /home/nicocarp/scratch/CMR-Reconstruction/configs/requirements_pypi.txt (line 2)) (3.3+computecanada)
Requirement already satisfied: pillow>=9.1 in /localscratch/nicocarp.39843504.0/env/lib/python3.10/site-packages (from scikit-image>=0.16.2->fastmri==0.3.0->-r /home/nicocarp/scratch/CMR-Reconstruction/configs/requirements_pypi.txt (line 2)) (10.3.0+computecanada)
Requirement already satisfied: imageio>=2.33 in /localscratch/nicocarp.39843504.0/env/lib/python3.10/site-packages (from scikit-image>=0.16.2->fastmri==0.3.0->-r /home/nicocarp/scratch/CMR-Reconstruction/configs/requirements_pypi.txt (line 2)) (2.34.2+computecanada)
Requirement already satisfied: tifffile>=2022.8.12 in /localscratch/nicocarp.39843504.0/env/lib/python3.10/site-packages (from scikit-image>=0.16.2->fastmri==0.3.0->-r /home/nicocarp/scratch/CMR-Reconstruction/configs/requirements_pypi.txt (line 2)) (2024.8.10+computecanada)
Requirement already satisfied: lazy-loader>=0.4 in /localscratch/nicocarp.39843504.0/env/lib/python3.10/site-packages (from scikit-image>=0.16.2->fastmri==0.3.0->-r /home/nicocarp/scratch/CMR-Reconstruction/configs/requirements_pypi.txt (line 2)) (0.4+computecanada)
Requirement already satisfied: sympy in /localscratch/nicocarp.39843504.0/env/lib/python3.10/site-packages (from torch>=1.8.0->fastmri==0.3.0->-r /home/nicocarp/scratch/CMR-Reconstruction/configs/requirements_pypi.txt (line 2)) (1.13.2+computecanada)
Requirement already satisfied: jinja2 in /localscratch/nicocarp.39843504.0/env/lib/python3.10/site-packages (from torch>=1.8.0->fastmri==0.3.0->-r /home/nicocarp/scratch/CMR-Reconstruction/configs/requirements_pypi.txt (line 2)) (3.1.4+computecanada)
Requirement already satisfied: pillow-simd!=8.3.*,>=5.3.0 in /localscratch/nicocarp.39843504.0/env/lib/python3.10/site-packages (from torchvision>=0.8.1->fastmri==0.3.0->-r /home/nicocarp/scratch/CMR-Reconstruction/configs/requirements_pypi.txt (line 2)) (9.0.0.post1+computecanada)
Requirement already satisfied: multidict<7.0,>=4.5 in /localscratch/nicocarp.39843504.0/env/lib/python3.10/site-packages (from aiohttp!=4.0.0a0,!=4.0.0a1->fsspec[http]>=2022.5.0->pytorch-lightning==2.4.0->-r /home/nicocarp/scratch/CMR-Reconstruction/configs/requirements_pypi.txt (line 6)) (6.0.5+computecanada)
Requirement already satisfied: yarl<2.0,>=1.0 in /localscratch/nicocarp.39843504.0/env/lib/python3.10/site-packages (from aiohttp!=4.0.0a0,!=4.0.0a1->fsspec[http]>=2022.5.0->pytorch-lightning==2.4.0->-r /home/nicocarp/scratch/CMR-Reconstruction/configs/requirements_pypi.txt (line 6)) (1.9.4+computecanada)
Requirement already satisfied: frozenlist>=1.1.1 in /localscratch/nicocarp.39843504.0/env/lib/python3.10/site-packages (from aiohttp!=4.0.0a0,!=4.0.0a1->fsspec[http]>=2022.5.0->pytorch-lightning==2.4.0->-r /home/nicocarp/scratch/CMR-Reconstruction/configs/requirements_pypi.txt (line 6)) (1.4.1+computecanada)
Requirement already satisfied: aiosignal>=1.1.2 in /localscratch/nicocarp.39843504.0/env/lib/python3.10/site-packages (from aiohttp!=4.0.0a0,!=4.0.0a1->fsspec[http]>=2022.5.0->pytorch-lightning==2.4.0->-r /home/nicocarp/scratch/CMR-Reconstruction/configs/requirements_pypi.txt (line 6)) (1.3.1+computecanada)
Requirement already satisfied: async-timeout<5.0,>=4.0 in /localscratch/nicocarp.39843504.0/env/lib/python3.10/site-packages (from aiohttp!=4.0.0a0,!=4.0.0a1->fsspec[http]>=2022.5.0->pytorch-lightning==2.4.0->-r /home/nicocarp/scratch/CMR-Reconstruction/configs/requirements_pypi.txt (line 6)) (4.0.3+computecanada)
Requirement already satisfied: six>=1.5 in /localscratch/nicocarp.39843504.0/env/lib/python3.10/site-packages (from python-dateutil>=2.8.2->pandas>=1.3.4->fastmri==0.3.0->-r /home/nicocarp/scratch/CMR-Reconstruction/configs/requirements_pypi.txt (line 2)) (1.16.0+computecanada)
Requirement already satisfied: MarkupSafe>=2.0 in /localscratch/nicocarp.39843504.0/env/lib/python3.10/site-packages (from jinja2->torch>=1.8.0->fastmri==0.3.0->-r /home/nicocarp/scratch/CMR-Reconstruction/configs/requirements_pypi.txt (line 2)) (2.1.5+computecanada)
Requirement already satisfied: mpmath<1.4,>=1.1.0 in /localscratch/nicocarp.39843504.0/env/lib/python3.10/site-packages (from sympy->torch>=1.8.0->fastmri==0.3.0->-r /home/nicocarp/scratch/CMR-Reconstruction/configs/requirements_pypi.txt (line 2)) (1.3.0+computecanada)
Using cached attrs-24.2.0-py3-none-any.whl (63 kB)
Using cached fastmri-0.3.0-py3-none-any.whl (58 kB)
Using cached filelock-3.15.4-py3-none-any.whl (16 kB)
Using cached idna-3.7-py3-none-any.whl (66 kB)
Using cached lightning_utilities-0.11.6-py3-none-any.whl (26 kB)
Using cached pytorch_lightning-2.4.0-py3-none-any.whl (815 kB)
Using cached torchmetrics-1.4.1-py3-none-any.whl (866 kB)
Installing collected packages: runstats, lightning-utilities, idna, filelock, attrs, torchmetrics, pytorch-lightning, fastmri
  Attempting uninstall: idna
    Found existing installation: idna 3.4+computecanada
    Uninstalling idna-3.4+computecanada:
      Successfully uninstalled idna-3.4+computecanada
  Attempting uninstall: filelock
    Found existing installation: filelock 3.13.1+computecanada
    Uninstalling filelock-3.13.1+computecanada:
      Successfully uninstalled filelock-3.13.1+computecanada
  Attempting uninstall: attrs
    Found existing installation: attrs 23.2.0+computecanada
    Uninstalling attrs-23.2.0+computecanada:
      Successfully uninstalled attrs-23.2.0+computecanada
Successfully installed attrs-24.2.0 fastmri-0.3.0 filelock-3.15.4 idna-3.7 lightning-utilities-0.11.6 pytorch-lightning-2.4.0 runstats-2.0.0 torchmetrics-1.4.1
